17:07:41 **** Build of configuration Debug for project  MSS_Exercise_4.3_v3 ****
make all 
Building file: ../source/adder.cpp
Invoking: GCC C++ Compiler
g++ -I/usr/local/systemc-2.3.1/include/ -I"/home/ivan/workspace/ MSS_Exercise_4.3_v3/header" -O0 -g3 -Wall -c -fmessage-length=0 -MMD -MP -MF"source/adder.d" -MT"source/adder.d" -o "source/adder.o" "../source/adder.cpp"
Finished building: ../source/adder.cpp
 
Building file: ../source/bus_cx.cpp
Invoking: GCC C++ Compiler
g++ -I/usr/local/systemc-2.3.1/include/ -I"/home/ivan/workspace/ MSS_Exercise_4.3_v3/header" -O0 -g3 -Wall -c -fmessage-length=0 -MMD -MP -MF"source/bus_cx.d" -MT"source/bus_cx.d" -o "source/bus_cx.o" "../source/bus_cx.cpp"
Finished building: ../source/bus_cx.cpp
 
Building file: ../source/bus_pv.cpp
Invoking: GCC C++ Compiler
g++ -I/usr/local/systemc-2.3.1/include/ -I"/home/ivan/workspace/ MSS_Exercise_4.3_v3/header" -O0 -g3 -Wall -c -fmessage-length=0 -MMD -MP -MF"source/bus_pv.d" -MT"source/bus_pv.d" -o "source/bus_pv.o" "../source/bus_pv.cpp"
Finished building: ../source/bus_pv.cpp
 
Building file: ../source/master.cpp
Invoking: GCC C++ Compiler
g++ -I/usr/local/systemc-2.3.1/include/ -I"/home/ivan/workspace/ MSS_Exercise_4.3_v3/header" -O0 -g3 -Wall -c -fmessage-length=0 -MMD -MP -MF"source/master.d" -MT"source/master.d" -o "source/master.o" "../source/master.cpp"
Finished building: ../source/master.cpp
 
Building file: ../source/ram.cpp
Invoking: GCC C++ Compiler
g++ -I/usr/local/systemc-2.3.1/include/ -I"/home/ivan/workspace/ MSS_Exercise_4.3_v3/header" -O0 -g3 -Wall -c -fmessage-length=0 -MMD -MP -MF"source/ram.d" -MT"source/ram.d" -o "source/ram.o" "../source/ram.cpp"
Finished building: ../source/ram.cpp
 
Building file: ../source/sc_main.cpp
Invoking: GCC C++ Compiler
g++ -I/usr/local/systemc-2.3.1/include/ -I"/home/ivan/workspace/ MSS_Exercise_4.3_v3/header" -O0 -g3 -Wall -c -fmessage-length=0 -MMD -MP -MF"source/sc_main.d" -MT"source/sc_main.d" -o "source/sc_main.o" "../source/sc_main.cpp"
Finished building: ../source/sc_main.cpp
 
Building target: MSS_Exercise_4.3_v3
Invoking: GCC C++ Linker
g++ -L/usr/local/systemc-2.3.1/lib-linux64 -o "MSS_Exercise_4.3_v3"  ./source/adder.o ./source/bus_cx.o ./source/bus_pv.o ./source/master.o ./source/ram.o ./source/sc_main.o   -lsystemc
Finished building target: MSS_Exercise_4.3_v3
 

17:07:52 Build Finished (took 10s.762ms)

