08:46:48 **** Build of configuration Debug for project MSS_Exercise_6.2_Functional ****
make all 
Building file: ../source/dst.cpp
Invoking: GCC C++ Compiler
g++ -I/usr/local/systemc-2.3.1/include/ -I"/home/ivan/workspace/MSS_Exercise_6.2_Functional/header" -O0 -g3 -Wall -c -fmessage-length=0 -MMD -MP -MF"source/dst.d" -MT"source/dst.d" -o "source/dst.o" "../source/dst.cpp"
Finished building: ../source/dst.cpp
 
Building file: ../source/main.cpp
Invoking: GCC C++ Compiler
g++ -I/usr/local/systemc-2.3.1/include/ -I"/home/ivan/workspace/MSS_Exercise_6.2_Functional/header" -O0 -g3 -Wall -c -fmessage-length=0 -MMD -MP -MF"source/main.d" -MT"source/main.d" -o "source/main.o" "../source/main.cpp"
Finished building: ../source/main.cpp
 
Building file: ../source/src.cpp
Invoking: GCC C++ Compiler
g++ -I/usr/local/systemc-2.3.1/include/ -I"/home/ivan/workspace/MSS_Exercise_6.2_Functional/header" -O0 -g3 -Wall -c -fmessage-length=0 -MMD -MP -MF"source/src.d" -MT"source/src.d" -o "source/src.o" "../source/src.cpp"
../source/src.cpp: In member function ‘void src_unit::start()’:
../source/src.cpp:77:7: warning: narrowing conversion of ‘4294967256u’ from ‘unsigned int’ to ‘int’ inside { } is ill-formed in C++11 [-Wnarrowing]
       };
       ^
../source/src.cpp:77:7: warning: narrowing conversion of ‘4294967253u’ from ‘unsigned int’ to ‘int’ inside { } is ill-formed in C++11 [-Wnarrowing]
../source/src.cpp:77:7: warning: narrowing conversion of ‘4294967255u’ from ‘unsigned int’ to ‘int’ inside { } is ill-formed in C++11 [-Wnarrowing]
../source/src.cpp:77:7: warning: narrowing conversion of ‘4294967257u’ from ‘unsigned int’ to ‘int’ inside { } is ill-formed in C++11 [-Wnarrowing]
../source/src.cpp:77:7: warning: narrowing conversion of ‘4294967257u’ from ‘unsigned int’ to ‘int’ inside { } is ill-formed in C++11 [-Wnarrowing]
../source/src.cpp:77:7: warning: narrowing conversion of ‘4294967231u’ from ‘unsigned int’ to ‘int’ inside { } is ill-formed in C++11 [-Wnarrowing]
../source/src.cpp:77:7: warning: narrowing conversion of ‘4294967256u’ from ‘unsigned int’ to ‘int’ inside { } is ill-formed in C++11 [-Wnarrowing]
../source/src.cpp:77:7: warning: narrowing conversion of ‘4294967293u’ from ‘unsigned int’ to ‘int’ inside { } is ill-formed in C++11 [-Wnarrowing]
../source/src.cpp:77:7: warning: narrowing conversion of ‘4294967018u’ from ‘unsigned int’ to ‘int’ inside { } is ill-formed in C++11 [-Wnarrowing]
../source/src.cpp:77:7: warning: narrowing conversion of ‘4294967293u’ from ‘unsigned int’ to ‘int’ inside { } is ill-formed in C++11 [-Wnarrowing]
../source/src.cpp:77:7: warning: narrowing conversion of ‘4294966836u’ from ‘unsigned int’ to ‘int’ inside { } is ill-formed in C++11 [-Wnarrowing]
../source/src.cpp:77:7: warning: narrowing conversion of ‘4294967054u’ from ‘unsigned int’ to ‘int’ inside { } is ill-formed in C++11 [-Wnarrowing]
../source/src.cpp:77:7: warning: narrowing conversion of ‘4294966835u’ from ‘unsigned int’ to ‘int’ inside { } is ill-formed in C++11 [-Wnarrowing]
../source/src.cpp:77:7: warning: narrowing conversion of ‘4294966874u’ from ‘unsigned int’ to ‘int’ inside { } is ill-formed in C++11 [-Wnarrowing]
../source/src.cpp:77:7: warning: narrowing conversion of ‘4294966595u’ from ‘unsigned int’ to ‘int’ inside { } is ill-formed in C++11 [-Wnarrowing]
../source/src.cpp:77:7: warning: narrowing conversion of ‘4294966875u’ from ‘unsigned int’ to ‘int’ inside { } is ill-formed in C++11 [-Wnarrowing]
../source/src.cpp:77:7: warning: narrowing conversion of ‘4294966415u’ from ‘unsigned int’ to ‘int’ inside { } is ill-formed in C++11 [-Wnarrowing]
../source/src.cpp:77:7: warning: narrowing conversion of ‘4294966633u’ from ‘unsigned int’ to ‘int’ inside { } is ill-formed in C++11 [-Wnarrowing]
../source/src.cpp:77:7: warning: narrowing conversion of ‘4294966413u’ from ‘unsigned int’ to ‘int’ inside { } is ill-formed in C++11 [-Wnarrowing]
../source/src.cpp:77:7: warning: narrowing conversion of ‘4294966303u’ from ‘unsigned int’ to ‘int’ inside { } is ill-formed in C++11 [-Wnarrowing]
../source/src.cpp:77:7: warning: narrowing conversion of ‘4294966416u’ from ‘unsigned int’ to ‘int’ inside { } is ill-formed in C++11 [-Wnarrowing]
../source/src.cpp:77:7: warning: narrowing conversion of ‘4294966244u’ from ‘unsigned int’ to ‘int’ inside { } is ill-formed in C++11 [-Wnarrowing]
../source/src.cpp:77:7: warning: narrowing conversion of ‘4294966657u’ from ‘unsigned int’ to ‘int’ inside { } is ill-formed in C++11 [-Wnarrowing]
../source/src.cpp:77:7: warning: narrowing conversion of ‘4294966242u’ from ‘unsigned int’ to ‘int’ inside { } is ill-formed in C++11 [-Wnarrowing]
../source/src.cpp:77:7: warning: narrowing conversion of ‘4294966646u’ from ‘unsigned int’ to ‘int’ inside { } is ill-formed in C++11 [-Wnarrowing]
../source/src.cpp:77:7: warning: narrowing conversion of ‘4294966479u’ from ‘unsigned int’ to ‘int’ inside { } is ill-formed in C++11 [-Wnarrowing]
../source/src.cpp:77:7: warning: narrowing conversion of ‘4294966646u’ from ‘unsigned int’ to ‘int’ inside { } is ill-formed in C++11 [-Wnarrowing]
../source/src.cpp:77:7: warning: narrowing conversion of ‘4294966466u’ from ‘unsigned int’ to ‘int’ inside { } is ill-formed in C++11 [-Wnarrowing]
../source/src.cpp:77:7: warning: narrowing conversion of ‘4294966885u’ from ‘unsigned int’ to ‘int’ inside { } is ill-formed in C++11 [-Wnarrowing]
../source/src.cpp:77:7: warning: narrowing conversion of ‘4294966466u’ from ‘unsigned int’ to ‘int’ inside { } is ill-formed in C++11 [-Wnarrowing]
../source/src.cpp:77:7: warning: narrowing conversion of ‘4294966871u’ from ‘unsigned int’ to ‘int’ inside { } is ill-formed in C++11 [-Wnarrowing]
../source/src.cpp:77:7: warning: narrowing conversion of ‘4294966705u’ from ‘unsigned int’ to ‘int’ inside { } is ill-formed in C++11 [-Wnarrowing]
../source/src.cpp:77:7: warning: narrowing conversion of ‘4294966868u’ from ‘unsigned int’ to ‘int’ inside { } is ill-formed in C++11 [-Wnarrowing]
../source/src.cpp:77:7: warning: narrowing conversion of ‘4294966693u’ from ‘unsigned int’ to ‘int’ inside { } is ill-formed in C++11 [-Wnarrowing]
../source/src.cpp:77:7: warning: narrowing conversion of ‘4294966956u’ from ‘unsigned int’ to ‘int’ inside { } is ill-formed in C++11 [-Wnarrowing]
../source/src.cpp:77:7: warning: narrowing conversion of ‘4294966932u’ from ‘unsigned int’ to ‘int’ inside { } is ill-formed in C++11 [-Wnarrowing]
../source/src.cpp:77:7: warning: narrowing conversion of ‘4294966959u’ from ‘unsigned int’ to ‘int’ inside { } is ill-formed in C++11 [-Wnarrowing]
../source/src.cpp:77:7: warning: narrowing conversion of ‘4294966870u’ from ‘unsigned int’ to ‘int’ inside { } is ill-formed in C++11 [-Wnarrowing]
../source/src.cpp:77:7: warning: narrowing conversion of ‘4294966960u’ from ‘unsigned int’ to ‘int’ inside { } is ill-formed in C++11 [-Wnarrowing]
../source/src.cpp:77:7: warning: narrowing conversion of ‘4294967061u’ from ‘unsigned int’ to ‘int’ inside { } is ill-formed in C++11 [-Wnarrowing]
../source/src.cpp:77:7: warning: narrowing conversion of ‘4294966897u’ from ‘unsigned int’ to ‘int’ inside { } is ill-formed in C++11 [-Wnarrowing]
../source/src.cpp:77:7: warning: narrowing conversion of ‘4294967063u’ from ‘unsigned int’ to ‘int’ inside { } is ill-formed in C++11 [-Wnarrowing]
../source/src.cpp:77:7: warning: narrowing conversion of ‘4294966836u’ from ‘unsigned int’ to ‘int’ inside { } is ill-formed in C++11 [-Wnarrowing]
../source/src.cpp:77:7: warning: narrowing conversion of ‘4294967004u’ from ‘unsigned int’ to ‘int’ inside { } is ill-formed in C++11 [-Wnarrowing]
../source/src.cpp:77:7: warning: narrowing conversion of ‘4294966836u’ from ‘unsigned int’ to ‘int’ inside { } is ill-formed in C++11 [-Wnarrowing]
../source/src.cpp:77:7: warning: narrowing conversion of ‘4294966945u’ from ‘unsigned int’ to ‘int’ inside { } is ill-formed in C++11 [-Wnarrowing]
../source/src.cpp:77:7: warning: narrowing conversion of ‘4294966778u’ from ‘unsigned int’ to ‘int’ inside { } is ill-formed in C++11 [-Wnarrowing]
../source/src.cpp:77:7: warning: narrowing conversion of ‘4294966943u’ from ‘unsigned int’ to ‘int’ inside { } is ill-formed in C++11 [-Wnarrowing]
../source/src.cpp:77:7: warning: narrowing conversion of ‘4294966627u’ from ‘unsigned int’ to ‘int’ inside { } is ill-formed in C++11 [-Wnarrowing]
../source/src.cpp:77:7: warning: narrowing conversion of ‘4294966942u’ from ‘unsigned int’ to ‘int’ inside { } is ill-formed in C++11 [-Wnarrowing]
../source/src.cpp:77:7: warning: narrowing conversion of ‘4294966869u’ from ‘unsigned int’ to ‘int’ inside { } is ill-formed in C++11 [-Wnarrowing]
../source/src.cpp:77:7: warning: narrowing conversion of ‘4294967134u’ from ‘unsigned int’ to ‘int’ inside { } is ill-formed in C++11 [-Wnarrowing]
../source/src.cpp:77:7: warning: narrowing conversion of ‘4294967050u’ from ‘unsigned int’ to ‘int’ inside { } is ill-formed in C++11 [-Wnarrowing]
../source/src.cpp:77:7: warning: narrowing conversion of ‘4294967134u’ from ‘unsigned int’ to ‘int’ inside { } is ill-formed in C++11 [-Wnarrowing]
../source/src.cpp:77:7: warning: narrowing conversion of ‘4294967292u’ from ‘unsigned int’ to ‘int’ inside { } is ill-formed in C++11 [-Wnarrowing]
../source/src.cpp:77:7: warning: narrowing conversion of ‘4294967131u’ from ‘unsigned int’ to ‘int’ inside { } is ill-formed in C++11 [-Wnarrowing]
../source/src.cpp:77:7: warning: narrowing conversion of ‘4294967282u’ from ‘unsigned int’ to ‘int’ inside { } is ill-formed in C++11 [-Wnarrowing]
../source/src.cpp:77:7: warning: narrowing conversion of ‘4294967092u’ from ‘unsigned int’ to ‘int’ inside { } is ill-formed in C++11 [-Wnarrowing]
../source/src.cpp:77:7: warning: narrowing conversion of ‘4294967092u’ from ‘unsigned int’ to ‘int’ inside { } is ill-formed in C++11 [-Wnarrowing]
../source/src.cpp:77:7: warning: narrowing conversion of ‘4294967112u’ from ‘unsigned int’ to ‘int’ inside { } is ill-formed in C++11 [-Wnarrowing]
../source/src.cpp:77:7: warning: narrowing conversion of ‘4294967179u’ from ‘unsigned int’ to ‘int’ inside { } is ill-formed in C++11 [-Wnarrowing]
../source/src.cpp:77:7: warning: narrowing conversion of ‘4294967113u’ from ‘unsigned int’ to ‘int’ inside { } is ill-formed in C++11 [-Wnarrowing]
../source/src.cpp:77:7: warning: narrowing conversion of ‘4294967179u’ from ‘unsigned int’ to ‘int’ inside { } is ill-formed in C++11 [-Wnarrowing]
../source/src.cpp:77:7: warning: narrowing conversion of ‘4294967055u’ from ‘unsigned int’ to ‘int’ inside { } is ill-formed in C++11 [-Wnarrowing]
../source/src.cpp:77:7: warning: narrowing conversion of ‘4294967054u’ from ‘unsigned int’ to ‘int’ inside { } is ill-formed in C++11 [-Wnarrowing]
../source/src.cpp:77:7: warning: narrowing conversion of ‘4294967056u’ from ‘unsigned int’ to ‘int’ inside { } is ill-formed in C++11 [-Wnarrowing]
../source/src.cpp:77:7: warning: narrowing conversion of ‘4294966995u’ from ‘unsigned int’ to ‘int’ inside { } is ill-formed in C++11 [-Wnarrowing]
../source/src.cpp:77:7: warning: narrowing conversion of ‘4294966995u’ from ‘unsigned int’ to ‘int’ inside { } is ill-formed in C++11 [-Wnarrowing]
../source/src.cpp:77:7: warning: narrowing conversion of ‘4294967079u’ from ‘unsigned int’ to ‘int’ inside { } is ill-formed in C++11 [-Wnarrowing]
../source/src.cpp:77:7: warning: narrowing conversion of ‘4294967084u’ from ‘unsigned int’ to ‘int’ inside { } is ill-formed in C++11 [-Wnarrowing]
../source/src.cpp:77:7: warning: narrowing conversion of ‘4294967077u’ from ‘unsigned int’ to ‘int’ inside { } is ill-formed in C++11 [-Wnarrowing]
../source/src.cpp:77:7: warning: narrowing conversion of ‘4294967085u’ from ‘unsigned int’ to ‘int’ inside { } is ill-formed in C++11 [-Wnarrowing]
../source/src.cpp:77:7: warning: narrowing conversion of ‘4294967075u’ from ‘unsigned int’ to ‘int’ inside { } is ill-formed in C++11 [-Wnarrowing]
../source/src.cpp:77:7: warning: narrowing conversion of ‘4294967148u’ from ‘unsigned int’ to ‘int’ inside { } is ill-formed in C++11 [-Wnarrowing]
../source/src.cpp:77:7: warning: narrowing conversion of ‘4294967077u’ from ‘unsigned int’ to ‘int’ inside { } is ill-formed in C++11 [-Wnarrowing]
../source/src.cpp:77:7: warning: narrowing conversion of ‘4294966956u’ from ‘unsigned int’ to ‘int’ inside { } is ill-formed in C++11 [-Wnarrowing]
../source/src.cpp:77:7: warning: narrowing conversion of ‘4294967076u’ from ‘unsigned int’ to ‘int’ inside { } is ill-formed in C++11 [-Wnarrowing]
../source/src.cpp:77:7: warning: narrowing conversion of ‘4294967207u’ from ‘unsigned int’ to ‘int’ inside { } is ill-formed in C++11 [-Wnarrowing]
../source/src.cpp:77:7: warning: narrowing conversion of ‘4294967158u’ from ‘unsigned int’ to ‘int’ inside { } is ill-formed in C++11 [-Wnarrowing]
../source/src.cpp:77:7: warning: narrowing conversion of ‘4294967073u’ from ‘unsigned int’ to ‘int’ inside { } is ill-formed in C++11 [-Wnarrowing]
../source/src.cpp:77:7: warning: narrowing conversion of ‘4294967268u’ from ‘unsigned int’ to ‘int’ inside { } is ill-formed in C++11 [-Wnarrowing]
../source/src.cpp:77:7: warning: narrowing conversion of ‘4294967161u’ from ‘unsigned int’ to ‘int’ inside { } is ill-formed in C++11 [-Wnarrowing]
../source/src.cpp:77:7: warning: narrowing conversion of ‘4294967073u’ from ‘unsigned int’ to ‘int’ inside { } is ill-formed in C++11 [-Wnarrowing]
../source/src.cpp:77:7: warning: narrowing conversion of ‘4294967250u’ from ‘unsigned int’ to ‘int’ inside { } is ill-formed in C++11 [-Wnarrowing]
../source/src.cpp:77:7: warning: narrowing conversion of ‘4294967073u’ from ‘unsigned int’ to ‘int’ inside { } is ill-formed in C++11 [-Wnarrowing]
../source/src.cpp:77:7: warning: narrowing conversion of ‘4294967253u’ from ‘unsigned int’ to ‘int’ inside { } is ill-formed in C++11 [-Wnarrowing]
../source/src.cpp:77:7: warning: narrowing conversion of ‘4294967073u’ from ‘unsigned int’ to ‘int’ inside { } is ill-formed in C++11 [-Wnarrowing]
../source/src.cpp:77:7: warning: narrowing conversion of ‘4294966881u’ from ‘unsigned int’ to ‘int’ inside { } is ill-formed in C++11 [-Wnarrowing]
../source/src.cpp:77:7: warning: narrowing conversion of ‘4294967240u’ from ‘unsigned int’ to ‘int’ inside { } is ill-formed in C++11 [-Wnarrowing]
../source/src.cpp:77:7: warning: narrowing conversion of ‘4294966879u’ from ‘unsigned int’ to ‘int’ inside { } is ill-formed in C++11 [-Wnarrowing]
../source/src.cpp:77:7: warning: narrowing conversion of ‘4294967060u’ from ‘unsigned int’ to ‘int’ inside { } is ill-formed in C++11 [-Wnarrowing]
../source/src.cpp:77:7: warning: narrowing conversion of ‘4294966637u’ from ‘unsigned int’ to ‘int’ inside { } is ill-formed in C++11 [-Wnarrowing]
../source/src.cpp:77:7: warning: narrowing conversion of ‘4294966882u’ from ‘unsigned int’ to ‘int’ inside { } is ill-formed in C++11 [-Wnarrowing]
../source/src.cpp:77:7: warning: narrowing conversion of ‘4294966635u’ from ‘unsigned int’ to ‘int’ inside { } is ill-formed in C++11 [-Wnarrowing]
../source/src.cpp:77:7: warning: narrowing conversion of ‘4294966691u’ from ‘unsigned int’ to ‘int’ inside { } is ill-formed in C++11 [-Wnarrowing]
../source/src.cpp:77:7: warning: narrowing conversion of ‘4294966724u’ from ‘unsigned int’ to ‘int’ inside { } is ill-formed in C++11 [-Wnarrowing]
../source/src.cpp:77:7: warning: narrowing conversion of ‘4294966689u’ from ‘unsigned int’ to ‘int’ inside { } is ill-formed in C++11 [-Wnarrowing]
../source/src.cpp:77:7: warning: narrowing conversion of ‘4294966724u’ from ‘unsigned int’ to ‘int’ inside { } is ill-formed in C++11 [-Wnarrowing]
../source/src.cpp:77:7: warning: narrowing conversion of ‘4294966690u’ from ‘unsigned int’ to ‘int’ inside { } is ill-formed in C++11 [-Wnarrowing]
../source/src.cpp:77:7: warning: narrowing conversion of ‘4294966784u’ from ‘unsigned int’ to ‘int’ inside { } is ill-formed in C++11 [-Wnarrowing]
../source/src.cpp:77:7: warning: narrowing conversion of ‘4294966690u’ from ‘unsigned int’ to ‘int’ inside { } is ill-formed in C++11 [-Wnarrowing]
../source/src.cpp:77:7: warning: narrowing conversion of ‘4294966797u’ from ‘unsigned int’ to ‘int’ inside { } is ill-formed in C++11 [-Wnarrowing]
../source/src.cpp:77:7: warning: narrowing conversion of ‘4294966501u’ from ‘unsigned int’ to ‘int’ inside { } is ill-formed in C++11 [-Wnarrowing]
../source/src.cpp:77:7: warning: narrowing conversion of ‘4294966799u’ from ‘unsigned int’ to ‘int’ inside { } is ill-formed in C++11 [-Wnarrowing]
../source/src.cpp:77:7: warning: narrowing conversion of ‘4294966515u’ from ‘unsigned int’ to ‘int’ inside { } is ill-formed in C++11 [-Wnarrowing]
../source/src.cpp:77:7: warning: narrowing conversion of ‘4294966800u’ from ‘unsigned int’ to ‘int’ inside { } is ill-formed in C++11 [-Wnarrowing]
../source/src.cpp:77:7: warning: narrowing conversion of ‘4294966188u’ from ‘unsigned int’ to ‘int’ inside { } is ill-formed in C++11 [-Wnarrowing]
../source/src.cpp:77:7: warning: narrowing conversion of ‘4294966801u’ from ‘unsigned int’ to ‘int’ inside { } is ill-formed in C++11 [-Wnarrowing]
../source/src.cpp:77:7: warning: narrowing conversion of ‘4294966188u’ from ‘unsigned int’ to ‘int’ inside { } is ill-formed in C++11 [-Wnarrowing]
../source/src.cpp:77:7: warning: narrowing conversion of ‘4294966804u’ from ‘unsigned int’ to ‘int’ inside { } is ill-formed in C++11 [-Wnarrowing]
../source/src.cpp:77:7: warning: narrowing conversion of ‘4294966190u’ from ‘unsigned int’ to ‘int’ inside { } is ill-formed in C++11 [-Wnarrowing]
../source/src.cpp:77:7: warning: narrowing conversion of ‘4294966566u’ from ‘unsigned int’ to ‘int’ inside { } is ill-formed in C++11 [-Wnarrowing]
../source/src.cpp:77:7: warning: narrowing conversion of ‘4294966250u’ from ‘unsigned int’ to ‘int’ inside { } is ill-formed in C++11 [-Wnarrowing]
../source/src.cpp:77:7: warning: narrowing conversion of ‘4294966818u’ from ‘unsigned int’ to ‘int’ inside { } is ill-formed in C++11 [-Wnarrowing]
../source/src.cpp:77:7: warning: narrowing conversion of ‘4294966009u’ from ‘unsigned int’ to ‘int’ inside { } is ill-formed in C++11 [-Wnarrowing]
../source/src.cpp:77:7: warning: narrowing conversion of ‘4294966878u’ from ‘unsigned int’ to ‘int’ inside { } is ill-formed in C++11 [-Wnarrowing]
../source/src.cpp:77:7: warning: narrowing conversion of ‘4294966007u’ from ‘unsigned int’ to ‘int’ inside { } is ill-formed in C++11 [-Wnarrowing]
../source/src.cpp:77:7: warning: narrowing conversion of ‘4294966936u’ from ‘unsigned int’ to ‘int’ inside { } is ill-formed in C++11 [-Wnarrowing]
../source/src.cpp:77:7: warning: narrowing conversion of ‘4294966098u’ from ‘unsigned int’ to ‘int’ inside { } is ill-formed in C++11 [-Wnarrowing]
../source/src.cpp:77:7: warning: narrowing conversion of ‘4294966936u’ from ‘unsigned int’ to ‘int’ inside { } is ill-formed in C++11 [-Wnarrowing]
../source/src.cpp:77:7: warning: narrowing conversion of ‘4294966098u’ from ‘unsigned int’ to ‘int’ inside { } is ill-formed in C++11 [-Wnarrowing]
../source/src.cpp:77:7: warning: narrowing conversion of ‘4294966934u’ from ‘unsigned int’ to ‘int’ inside { } is ill-formed in C++11 [-Wnarrowing]
../source/src.cpp:77:7: warning: narrowing conversion of ‘4294966097u’ from ‘unsigned int’ to ‘int’ inside { } is ill-formed in C++11 [-Wnarrowing]
../source/src.cpp:77:7: warning: narrowing conversion of ‘4294966754u’ from ‘unsigned int’ to ‘int’ inside { } is ill-formed in C++11 [-Wnarrowing]
../source/src.cpp:77:7: warning: narrowing conversion of ‘4294965902u’ from ‘unsigned int’ to ‘int’ inside { } is ill-formed in C++11 [-Wnarrowing]
../source/src.cpp:77:7: warning: narrowing conversion of ‘4294966511u’ from ‘unsigned int’ to ‘int’ inside { } is ill-formed in C++11 [-Wnarrowing]
../source/src.cpp:77:7: warning: narrowing conversion of ‘4294965720u’ from ‘unsigned int’ to ‘int’ inside { } is ill-formed in C++11 [-Wnarrowing]
../source/src.cpp:77:7: warning: narrowing conversion of ‘4294966509u’ from ‘unsigned int’ to ‘int’ inside { } is ill-formed in C++11 [-Wnarrowing]
../source/src.cpp:77:7: warning: narrowing conversion of ‘4294965529u’ from ‘unsigned int’ to ‘int’ inside { } is ill-formed in C++11 [-Wnarrowing]
../source/src.cpp:77:7: warning: narrowing conversion of ‘4294966599u’ from ‘unsigned int’ to ‘int’ inside { } is ill-formed in C++11 [-Wnarrowing]
../source/src.cpp:77:7: warning: narrowing conversion of ‘4294965531u’ from ‘unsigned int’ to ‘int’ inside { } is ill-formed in C++11 [-Wnarrowing]
../source/src.cpp:77:7: warning: narrowing conversion of ‘4294966602u’ from ‘unsigned int’ to ‘int’ inside { } is ill-formed in C++11 [-Wnarrowing]
../source/src.cpp:77:7: warning: narrowing conversion of ‘4294965531u’ from ‘unsigned int’ to ‘int’ inside { } is ill-formed in C++11 [-Wnarrowing]
../source/src.cpp:77:7: warning: narrowing conversion of ‘4294966599u’ from ‘unsigned int’ to ‘int’ inside { } is ill-formed in C++11 [-Wnarrowing]
../source/src.cpp:77:7: warning: narrowing conversion of ‘4294965531u’ from ‘unsigned int’ to ‘int’ inside { } is ill-formed in C++11 [-Wnarrowing]
../source/src.cpp:77:7: warning: narrowing conversion of ‘4294966537u’ from ‘unsigned int’ to ‘int’ inside { } is ill-formed in C++11 [-Wnarrowing]
../source/src.cpp:77:7: warning: narrowing conversion of ‘4294965772u’ from ‘unsigned int’ to ‘int’ inside { } is ill-formed in C++11 [-Wnarrowing]
../source/src.cpp:77:7: warning: narrowing conversion of ‘4294966538u’ from ‘unsigned int’ to ‘int’ inside { } is ill-formed in C++11 [-Wnarrowing]
../source/src.cpp:77:7: warning: narrowing conversion of ‘4294965759u’ from ‘unsigned int’ to ‘int’ inside { } is ill-formed in C++11 [-Wnarrowing]
../source/src.cpp:77:7: warning: narrowing conversion of ‘4294966626u’ from ‘unsigned int’ to ‘int’ inside { } is ill-formed in C++11 [-Wnarrowing]
../source/src.cpp:77:7: warning: narrowing conversion of ‘4294965758u’ from ‘unsigned int’ to ‘int’ inside { } is ill-formed in C++11 [-Wnarrowing]
../source/src.cpp:77:7: warning: narrowing conversion of ‘4294966624u’ from ‘unsigned int’ to ‘int’ inside { } is ill-formed in C++11 [-Wnarrowing]
../source/src.cpp:77:7: warning: narrowing conversion of ‘4294965758u’ from ‘unsigned int’ to ‘int’ inside { } is ill-formed in C++11 [-Wnarrowing]
../source/src.cpp:77:7: warning: narrowing conversion of ‘4294966626u’ from ‘unsigned int’ to ‘int’ inside { } is ill-formed in C++11 [-Wnarrowing]
../source/src.cpp:77:7: warning: narrowing conversion of ‘4294965761u’ from ‘unsigned int’ to ‘int’ inside { } is ill-formed in C++11 [-Wnarrowing]
../source/src.cpp:77:7: warning: narrowing conversion of ‘4294966383u’ from ‘unsigned int’ to ‘int’ inside { } is ill-formed in C++11 [-Wnarrowing]
../source/src.cpp:77:7: warning: narrowing conversion of ‘4294965823u’ from ‘unsigned int’ to ‘int’ inside { } is ill-formed in C++11 [-Wnarrowing]
../source/src.cpp:77:7: warning: narrowing conversion of ‘4294966384u’ from ‘unsigned int’ to ‘int’ inside { } is ill-formed in C++11 [-Wnarrowing]
../source/src.cpp:77:7: warning: narrowing conversion of ‘4294965884u’ from ‘unsigned int’ to ‘int’ inside { } is ill-formed in C++11 [-Wnarrowing]
../source/src.cpp:77:7: warning: narrowing conversion of ‘4294966471u’ from ‘unsigned int’ to ‘int’ inside { } is ill-formed in C++11 [-Wnarrowing]
../source/src.cpp:77:7: warning: narrowing conversion of ‘4294965886u’ from ‘unsigned int’ to ‘int’ inside { } is ill-formed in C++11 [-Wnarrowing]
../source/src.cpp:77:7: warning: narrowing conversion of ‘4294966472u’ from ‘unsigned int’ to ‘int’ inside { } is ill-formed in C++11 [-Wnarrowing]
../source/src.cpp:77:7: warning: narrowing conversion of ‘4294965888u’ from ‘unsigned int’ to ‘int’ inside { } is ill-formed in C++11 [-Wnarrowing]
../source/src.cpp:77:7: warning: narrowing conversion of ‘4294966474u’ from ‘unsigned int’ to ‘int’ inside { } is ill-formed in C++11 [-Wnarrowing]
../source/src.cpp:77:7: warning: narrowing conversion of ‘4294965891u’ from ‘unsigned int’ to ‘int’ inside { } is ill-formed in C++11 [-Wnarrowing]
../source/src.cpp:77:7: warning: narrowing conversion of ‘4294966716u’ from ‘unsigned int’ to ‘int’ inside { } is ill-formed in C++11 [-Wnarrowing]
../source/src.cpp:77:7: warning: narrowing conversion of ‘4294966085u’ from ‘unsigned int’ to ‘int’ inside { } is ill-formed in C++11 [-Wnarrowing]
../source/src.cpp:77:7: warning: narrowing conversion of ‘4294966716u’ from ‘unsigned int’ to ‘int’ inside { } is ill-formed in C++11 [-Wnarrowing]
../source/src.cpp:77:7: warning: narrowing conversion of ‘4294965934u’ from ‘unsigned int’ to ‘int’ inside { } is ill-formed in C++11 [-Wnarrowing]
../source/src.cpp:77:7: warning: narrowing conversion of ‘4294966675u’ from ‘unsigned int’ to ‘int’ inside { } is ill-formed in C++11 [-Wnarrowing]
Finished building: ../source/src.cpp
 
Building file: ../source/trans.cpp
Invoking: GCC C++ Compiler
g++ -I/usr/local/systemc-2.3.1/include/ -I"/home/ivan/workspace/MSS_Exercise_6.2_Functional/header" -O0 -g3 -Wall -c -fmessage-length=0 -MMD -MP -MF"source/trans.d" -MT"source/trans.d" -o "source/trans.o" "../source/trans.cpp"
Finished building: ../source/trans.cpp
 
Building target: MSS_Exercise_6.2_Functional
Invoking: GCC C++ Linker
g++ -L/usr/local/systemc-2.3.1/lib-linux64 -o "MSS_Exercise_6.2_Functional"  ./source/dst.o ./source/main.o ./source/src.o ./source/trans.o   -lsystemc
/usr/local/systemc-2.3.1/lib-linux64/libsystemc.so: undefined reference to `sc_main'
collect2: error: ld returned 1 exit status
makefile:45: recipe for target 'MSS_Exercise_6.2_Functional' failed
make: *** [MSS_Exercise_6.2_Functional] Error 1

08:46:51 Build Finished (took 3s.309ms)

